\BOOKMARK [1][-]{section.1}{Einf\374hrung}{}% 1
\BOOKMARK [2][-]{subsection.1.1}{Ziele}{section.1}% 2
\BOOKMARK [2][-]{subsection.1.2}{Voraussetzungen}{section.1}% 3
\BOOKMARK [2][-]{subsection.1.3}{Aufgabenstellung}{section.1}% 4
\BOOKMARK [1][-]{section.2}{Allgemein - Stored Routines MySQL}{}% 5
\BOOKMARK [2][-]{subsection.2.1}{Stored Procedures}{section.2}% 6
\BOOKMARK [3][-]{subsubsection.2.1.1}{Syntax}{subsection.2.1}% 7
\BOOKMARK [2][-]{subsection.2.2}{Stored Functions}{section.2}% 8
\BOOKMARK [3][-]{subsubsection.2.2.1}{Syntax}{subsection.2.2}% 9
\BOOKMARK [1][-]{section.3}{Vorbereitung}{}% 10
\BOOKMARK [2][-]{subsection.3.1}{Anpassen des Create - Scripts}{section.3}% 11
\BOOKMARK [1][-]{section.4}{Ergebnisse}{}% 12
\BOOKMARK [2][-]{subsection.4.1}{AU01 - preisTo99\(\) \046 loescheRechnung\(\)}{section.4}% 13
\BOOKMARK [3][-]{subsubsection.4.1.1}{Umsetzung - preisTo99\(\)}{subsection.4.1}% 14
\BOOKMARK [3][-]{subsubsection.4.1.2}{Umsetzung - loescheRechnung\(\)}{subsection.4.1}% 15
\BOOKMARK [3][-]{subsubsection.4.1.3}{Bemerkungen}{subsection.4.1}% 16
\BOOKMARK [3][-]{subsubsection.4.1.4}{Screenshots}{subsection.4.1}% 17
\BOOKMARK [2][-]{subsection.4.2}{AU02 - preiserhoehung\(\)}{section.4}% 18
\BOOKMARK [3][-]{subsubsection.4.2.1}{Umsetzung - preiserhoehung\(\)}{subsection.4.2}% 19
\BOOKMARK [3][-]{subsubsection.4.2.2}{Bemerkungen}{subsection.4.2}% 20
\BOOKMARK [3][-]{subsubsection.4.2.3}{Screenshots}{subsection.4.2}% 21
\BOOKMARK [2][-]{subsection.4.3}{AU03 - Tagesumsatz je Kellner}{section.4}% 22
\BOOKMARK [3][-]{subsubsection.4.3.1}{Benoetigte Inserts}{subsection.4.3}% 23
\BOOKMARK [3][-]{subsubsection.4.3.2}{Umsetzung - kellnerUmsatz\(\)}{subsection.4.3}% 24
\BOOKMARK [3][-]{subsubsection.4.3.3}{Bemerkungen}{subsection.4.3}% 25
\BOOKMARK [3][-]{subsubsection.4.3.4}{Screenshots}{subsection.4.3}% 26
\BOOKMARK [2][-]{subsection.4.4}{AU04 - Mehrwehrtssteuer}{section.4}% 27
\BOOKMARK [3][-]{subsubsection.4.4.1}{Umsetzung - mwst\(\)}{subsection.4.4}% 28
\BOOKMARK [3][-]{subsubsection.4.4.2}{Bemerkungen}{subsection.4.4}% 29
\BOOKMARK [3][-]{subsubsection.4.4.3}{Screenshots}{subsection.4.4}% 30
\BOOKMARK [2][-]{subsection.4.5}{AU05 - Noch nie bestellt}{section.4}% 31
\BOOKMARK [3][-]{subsubsection.4.5.1}{Umsetzung - mwst\(\)}{subsection.4.5}% 32
\BOOKMARK [3][-]{subsubsection.4.5.2}{Bemerkungen}{subsection.4.5}% 33
\BOOKMARK [3][-]{subsubsection.4.5.3}{Screenshots}{subsection.4.5}% 34
\BOOKMARK [2][-]{subsection.4.6}{AU06 - Kellnerdaten}{section.4}% 35
\BOOKMARK [3][-]{subsubsection.4.6.1}{Umsetzung - kellnerdaten\(\)}{subsection.4.6}% 36
\BOOKMARK [3][-]{subsubsection.4.6.2}{Bemerkungen}{subsection.4.6}% 37
\BOOKMARK [3][-]{subsubsection.4.6.3}{Screenshots}{subsection.4.6}% 38
\BOOKMARK [2][-]{subsection.4.7}{AU07 - Tagesumsatz aller Kellner}{section.4}% 39
\BOOKMARK [3][-]{subsubsection.4.7.1}{Umsetzung - tagesumsatz\137pro\137kellner\(\)}{subsection.4.7}% 40
\BOOKMARK [3][-]{subsubsection.4.7.2}{Bemerkungen}{subsection.4.7}% 41
\BOOKMARK [3][-]{subsubsection.4.7.3}{Screenshots}{subsection.4.7}% 42
